<?xml version="1.0" encoding="UTF-8"?>
<!-- Generated by org.testng.reporters.JUnitReportReporter -->
<testsuite hostname="INLEN8520079309" failures="0" tests="3" name="testrunner.LandingPage_TestRunner" time="24.020" errors="3" timestamp="2023-05-31T12:40:20 IST" skipped="0">
  <testcase classname="testrunner.LandingPage_TestRunner" name="runScenario" time="9.127">
    <error message="Unresolved compilation problem: 
	lp cannot be resolved
" type="java.lang.Error">
      <![CDATA[java.lang.Error: Unresolved compilation problem: 
lp cannot be resolved

at landingPage_stepdefinitions.LandingPageSteps.chrome_is_launched_and_unacademy_application_is_launched(LandingPageSteps.java:30)
at ✽.Chrome is launched and unacademy application is launched(file:///C:/Users/mansar27/eclipse-workspace/unacademy_LandingPage_Irfan/src/test/resources/features/LandingPage1.feature:13)
]]>
    </error>
  </testcase> <!-- runScenario -->
  <system-out/>
  <testcase classname="testrunner.LandingPage_TestRunner" name="runScenario" time="7.794">
    <error message="Unresolved compilation problem: 
	lp cannot be resolved
" type="java.lang.Error">
      <![CDATA[java.lang.Error: Unresolved compilation problem: 
lp cannot be resolved

at landingPage_stepdefinitions.LandingPageSteps.chrome_is_launched_and_unacademy_application_is_launched(LandingPageSteps.java:30)
at ✽.Chrome is launched and unacademy application is launched(file:///C:/Users/mansar27/eclipse-workspace/unacademy_LandingPage_Irfan/src/test/resources/features/LandingPage1.feature:4)
]]>
    </error>
  </testcase> <!-- runScenario -->
  <system-out/>
  <testcase classname="testrunner.LandingPage_TestRunner" name="runScenario" time="7.099">
    <error message="Unresolved compilation problem: 
	lp cannot be resolved
" type="java.lang.Error">
      <![CDATA[java.lang.Error: Unresolved compilation problem: 
lp cannot be resolved

at landingPage_stepdefinitions.LandingPageSteps.chrome_is_launched_and_unacademy_application_is_launched(LandingPageSteps.java:30)
at ✽.Chrome is launched and unacademy application is launched(file:///C:/Users/mansar27/eclipse-workspace/unacademy_LandingPage_Irfan/src/test/resources/features/LandingPage1.feature:8)
]]>
    </error>
  </testcase> <!-- runScenario -->
  <system-out/>
</testsuite> <!-- testrunner.LandingPage_TestRunner -->
